Arguments: 
  C:\Program Files\nodejs\node.exe C:\Users\Pavan kumar\AppData\Roaming\npm\node_modules\yarn\bin\yarn.js add sass

PATH: 
  C:\Program Files\Common Files\Oracle\Java\javapath;C:\Program Files\Python310\Scripts\;C:\Program Files\Python310\;C:\ProgramData\Oracle\Java\javapath;C:\WINDOWS\system32;C:\WINDOWS;C:\WINDOWS\System32\Wbem;C:\WINDOWS\System32\WindowsPowerShell\v1.0\;C:\WINDOWS\System32\OpenSSH\;C:\Program Files\NVIDIA Corporation\NVIDIA NvDLISR;C:\msys64\mingw64\bin;C:\Program Files\Git\cmd;C:\Program Files\Cloudflare\Cloudflare WARP\;C:\Program Files\nodejs\;C:\MinGW\bin;C:\Program Files (x86)\NVIDIA Corporation\PhysX\Common;C:\Program Files\MongoDB\Server\6.0\bin;C:\WINDOWS\system32;C:\WINDOWS;C:\WINDOWS\System32\Wbem;C:\WINDOWS\System32\WindowsPowerShell\v1.0\;C:\WINDOWS\System32\OpenSSH\;C:\Users\Pavan kumar\AppData\Local\Programs\Microsoft VS Code\bin;C:\Users\Pavan kumar\AppData\Local\Programs\Microsoft VS Code;C:\Program Files\MongoDB\Server\5.0\bin;C:\Users\Pavan kumar\AppData\Roaming\npm\node_modules\yarn\bin;C:\Program Files\MySQL\MySQL Shell 8.0\bin\;C:\Users\Pavan kumar\AppData\Local\Microsoft\WindowsApps;C:\Users\Pavan kumar\AppData\Local\Programs\Microsoft VS Code\bin;C:\msys64\mingw64\bin;C:\Users\Pavan kumar\Developor\pavankumar\flutter_windows_3.0.1-stable\flutter\bin;C:\Program Files\Java\jdk-18.0.2\bin;C:\Program Files\JetBrains\IntelliJ IDEA 2022.2\bin;;C:\Users\Pavan kumar\AppData\Local\GitHubDesktop\bin;C:\Users\Pavan kumar\AppData\Roaming\npm;C:\MinGW\bin;;C:\Users\Pavan kumar\AppData\Local\Programs\Hyper\resources\bin

Yarn version: 
  1.22.19

Node version: 
  16.17.0

Platform: 
  win32 x64

Trace: 
  Error: EPERM: operation not permitted, unlink 'C:\Users\Pavan kumar\OneDrive\Desktop\VS\WeChat\node_modules\@esbuild\win32-x64\esbuild.exe'

npm manifest: 
  {
    "name": "vite",
    "private": true,
    "version": "0.0.0",
    "type": "module",
    "scripts": {
      "dev": "vite",
      "build": "vite build",
      "lint": "eslint src --ext js,jsx --report-unused-disable-directives --max-warnings 0",
      "preview": "vite preview"
    },
    "dependencies": {
      "react": "^18.2.0",
      "react-dom": "^18.2.0"
    },
    "devDependencies": {
      "@types/react": "^18.0.28",
      "@types/react-dom": "^18.0.11",
      "@vitejs/plugin-react": "^4.0.0",
      "eslint": "^8.38.0",
      "eslint-plugin-react": "^7.32.2",
      "eslint-plugin-react-hooks": "^4.6.0",
      "eslint-plugin-react-refresh": "^0.3.4",
      "vite": "^4.3.2"
    }
  }

yarn manifest: 
  No manifest

Lockfile: 
  No lockfile
